# JRE version: OpenJDK Runtime Environment (8.0_112-b06) (build 1.8.0_112-release-b06)
# Java VM: OpenJDK 64-Bit Server VM (25.112-b06 mixed mode windows-amd64 compressed oops)
Heap:
 PSYoungGen      total 38400K, used 16644K [0x00000000eab00000, 0x00000000ed580000, 0x0000000100000000)
  eden space 33280K, 50% used [0x00000000eab00000,0x00000000ebb41310,0x00000000ecb80000)
  from space 5120K, 0% used [0x00000000ecb80000,0x00000000ecb80000,0x00000000ed080000)
  to   space 5120K, 0% used [0x00000000ed080000,0x00000000ed080000,0x00000000ed580000)
 ParOldGen       total 67072K, used 2904K [0x00000000c0000000, 0x00000000c4180000, 0x00000000eab00000)
  object space 67072K, 4% used [0x00000000c0000000,0x00000000c02d63d8,0x00000000c4180000)
 Metaspace       used 5803K, capacity 6768K, committed 7040K, reserved 1060864K
  class space    used 571K, capacity 616K, committed 640K, reserved 1048576K
GC Heap History (4 events):
Event: 0.263 GC heap before
{Heap before GC invocations=1 (full 0):
 PSYoungGen      total 38400K, used 11323K [0x00000000eab00000, 0x00000000ed580000, 0x0000000100000000)
  eden space 33280K, 34% used [0x00000000eab00000,0x00000000eb60efd8,0x00000000ecb80000)
  from space 5120K, 0% used [0x00000000ed080000,0x00000000ed080000,0x00000000ed580000)
  to   space 5120K, 0% used [0x00000000ecb80000,0x00000000ecb80000,0x00000000ed080000)
 ParOldGen       total 87552K, used 0K [0x00000000c0000000, 0x00000000c5580000, 0x00000000eab00000)
  object space 87552K, 0% used [0x00000000c0000000,0x00000000c0000000,0x00000000c5580000)
 Metaspace       used 5146K, capacity 6160K, committed 6272K, reserved 1062912K
  class space    used 545K, capacity 584K, committed 640K, reserved 1048576K
Event: 0.265 GC heap after
Heap after GC invocations=1 (full 0):
 PSYoungGen      total 38400K, used 3164K [0x00000000eab00000, 0x00000000ed580000, 0x0000000100000000)
  eden space 33280K, 0% used [0x00000000eab00000,0x00000000eab00000,0x00000000ecb80000)
  from space 5120K, 61% used [0x00000000ecb80000,0x00000000ece97240,0x00000000ed080000)
  to   space 5120K, 0% used [0x00000000ed080000,0x00000000ed080000,0x00000000ed580000)
 ParOldGen       total 87552K, used 8K [0x00000000c0000000, 0x00000000c5580000, 0x00000000eab00000)
  object space 87552K, 0% used [0x00000000c0000000,0x00000000c0002000,0x00000000c5580000)
 Metaspace       used 5146K, capacity 6160K, committed 6272K, reserved 1062912K
  class space    used 545K, capacity 584K, committed 640K, reserved 1048576K
}
Event: 0.265 GC heap before
{Heap before GC invocations=2 (full 1):
 PSYoungGen      total 38400K, used 3164K [0x00000000eab00000, 0x00000000ed580000, 0x0000000100000000)
  eden space 33280K, 0% used [0x00000000eab00000,0x00000000eab00000,0x00000000ecb80000)
  from space 5120K, 61% used [0x00000000ecb80000,0x00000000ece97240,0x00000000ed080000)
  to   space 5120K, 0% used [0x00000000ed080000,0x00000000ed080000,0x00000000ed580000)
 ParOldGen       total 87552K, used 8K [0x00000000c0000000, 0x00000000c5580000, 0x00000000eab00000)
  object space 87552K, 0% used [0x00000000c0000000,0x00000000c0002000,0x00000000c5580000)
 Metaspace       used 5146K, capacity 6160K, committed 6272K, reserved 1062912K
  class space    used 545K, capacity 584K, committed 640K, reserved 1048576K
Event: 0.288 GC heap after
Heap after GC invocations=2 (full 1):
 PSYoungGen      total 38400K, used 0K [0x00000000eab00000, 0x00000000ed580000, 0x0000000100000000)
  eden space 33280K, 0% used [0x00000000eab00000,0x00000000eab00000,0x00000000ecb80000)
  from space 5120K, 0% used [0x00000000ecb80000,0x00000000ecb80000,0x00000000ed080000)
  to   space 5120K, 0% used [0x00000000ed080000,0x00000000ed080000,0x00000000ed580000)
 ParOldGen       total 67072K, used 2904K [0x00000000c0000000, 0x00000000c4180000, 0x00000000eab00000)
  object space 67072K, 4% used [0x00000000c0000000,0x00000000c02d63d8,0x00000000c4180000)
 Metaspace       used 5146K, capacity 6160K, committed 6272K, reserved 1060864K
  class space    used 545K, capacity 584K, committed 640K, reserved 1048576K
}

